<?xml version="1.0" encoding="UTF-8"?>
<!-- Generated by org.testng.reporters.JUnitXMLReporter -->
<testsuite hostname="DESKTOP-3MFM675" ignored="0" name="GoogleTest" tests="10" failures="0" timestamp="20 Jul 2018 19:50:42 GMT" time="84.734" errors="0">
  <testcase name="verifyPageTitle" time="0.032" classname="testscripts.GoogleTest"/>
  <testcase name="verifyGoogleSearch" time="11.877" classname="testscripts.GoogleTest"/>
  <testcase name="verifyGoogleSearchNotFoundValidation" time="2.011" classname="testscripts.GoogleTest"/>
  <testcase name="verifyDirectOpeningSearchResult" time="8.487" classname="testscripts.GoogleTest"/>
  <testcase name="verifyWrongEmailValidationMessage" time="11.067" classname="testscripts.GoogleTest"/>
  <testcase name="verifyForgotEmailFunctionality" time="2.535" classname="testscripts.GoogleTest"/>
  <testcase name="verifyExistingGoogleAccountValidation" time="9.38" classname="testscripts.GoogleTest"/>
  <testcase name="verifySuccessfulGmailLogin" time="1.336" classname="testscripts.GoogleTest"/>
  <testcase name="verifySuccessfulGmailLogout" time="17.932" classname="testscripts.GoogleTest"/>
  <testcase name="verifyGoogleSearchThroughImageURL" time="4.312" classname="testscripts.GoogleTest"/>
</testsuite> <!-- GoogleTest -->
